12:20:21.562 [main] DEBUG org.apache.poi.ooxml.POIXMLFactory - using default POIXMLDocumentPart for http://schemas.openxmlformats.org/officeDocument/2006/relationships/printerSettings
12:20:21.710 [main] DEBUG org.apache.poi.openxml4j.opc.PackageRelationshipCollection - Parsing relationship: /xl/_rels/workbook.xml.rels
12:20:21.714 [main] DEBUG org.apache.poi.openxml4j.opc.PackageRelationshipCollection - Parsing relationship: /xl/worksheets/_rels/sheet1.xml.rels
12:20:21.716 [main] DEBUG org.apache.poi.openxml4j.opc.PackageRelationshipCollection - Parsing relationship: /_rels/.rels
12:20:21.912 [main] DEBUG org.apache.poi.ooxml.POIXMLFactory - using default POIXMLDocumentPart for http://schemas.openxmlformats.org/officeDocument/2006/relationships/printerSettings
16:16:25.800 [main] INFO  api.test.TestPet - ----------------Creating User----------------------
16:18:26.109 [main] INFO  api.test.TestPet - ----------------Creating User----------------------
16:25:53.485 [main] INFO  api.test.TestPet - ----------------Creating User----------------------
16:27:57.471 [main] INFO  api.test.TestPet - ----------------Creating User----------------------
16:29:30.827 [main] INFO  api.test.TestPet - ----------------Creating User----------------------
16:38:51.095 [main] INFO  api.test.TestPet - ----------------Creating User----------------------
16:42:21.840 [main] INFO  api.test.TestPet - ----------------Creating User----------------------
16:49:26.816 [main] INFO  api.test.TestPet - ----------------Creating User----------------------
16:51:11.363 [main] INFO  api.test.TestPet - ----------------Creating User----------------------
16:52:36.144 [main] INFO  api.test.TestPet - ----------------Creating User----------------------
16:55:12.183 [main] INFO  api.test.TestPet - ----------------Creating User----------------------
16:55:16.838 [main] INFO  api.test.TestPet - ----------------User info is displayed----------------------
16:59:22.239 [main] INFO  api.test.TestPet - ----------------Creating User----------------------
16:59:26.451 [main] INFO  api.test.TestPet - ----------------User info is displayed----------------------
17:02:03.563 [main] INFO  api.test.TestPet - ----------------Creating User----------------------
17:02:53.785 [main] INFO  api.test.TestPet - ----------------Creating User----------------------
17:02:57.999 [main] INFO  api.test.TestPet - ----------------User info is displayed----------------------
17:03:37.899 [main] INFO  api.test.TestPet - ----------------Creating User----------------------
17:03:42.134 [main] INFO  api.test.TestPet - ----------------User info is displayed----------------------
17:09:17.769 [main] INFO  api.test.TestPet - ----------------Creating User----------------------
17:09:58.921 [main] INFO  api.test.TestPet - ----------------Creating User----------------------
17:10:36.143 [main] INFO  api.test.TestPet - ----------------Creating User----------------------
17:11:11.686 [main] INFO  api.test.TestPet - ----------------Creating User----------------------
17:12:22.296 [main] INFO  api.test.TestPet - ----------------Creating User----------------------
17:14:30.259 [main] INFO  api.test.TestPet - ----------------Creating User----------------------
17:20:08.321 [main] INFO  api.test.TestPet - ----------------Creating User----------------------
17:21:21.740 [main] INFO  api.test.TestPet - ----------------Creating User----------------------
17:23:09.695 [main] INFO  api.test.TestPet - ----------------Creating User----------------------
17:24:17.207 [main] INFO  api.test.TestPet - ----------------Creating User----------------------
17:27:09.864 [main] INFO  api.test.TestPet - ----------------Creating User----------------------
17:27:15.212 [main] INFO  api.test.TestPet - ----------------User info is displayed----------------------
17:32:12.941 [main] INFO  api.test.TestPet - ----------------Creating User----------------------
17:32:18.490 [main] INFO  api.test.TestPet - ----------------User info is displayed----------------------
17:32:18.507 [main] INFO  api.test.TestPet - ----------------GetUser details ----------------------
17:33:27.803 [main] INFO  api.test.TestPet - ----------------Creating User----------------------
17:33:33.049 [main] INFO  api.test.TestPet - ----------------User info is displayed----------------------
17:33:33.066 [main] INFO  api.test.TestPet - ----------------GetUser details ----------------------
17:36:04.906 [main] INFO  api.test.TestPet - ----------------Creating User----------------------
17:36:11.027 [main] INFO  api.test.TestPet - ----------------User info is displayed----------------------
17:36:11.045 [main] INFO  api.test.TestPet - ----------------GetUser details ----------------------
17:37:55.839 [main] INFO  api.test.TestPet - ----------------Creating User----------------------
17:38:01.179 [main] INFO  api.test.TestPet - ----------------User info is displayed----------------------
17:38:01.224 [main] INFO  api.test.TestPet - ----------------GetUser details ----------------------
17:38:54.796 [main] INFO  api.test.TestPet - ----------------Creating User----------------------
17:39:00.029 [main] INFO  api.test.TestPet - ----------------User info is displayed----------------------
17:39:00.067 [main] INFO  api.test.TestPet - ----------------GetUser details ----------------------
17:39:01.307 [main] INFO  api.test.TestPet - ----------------GetUser info displayed-------------------------
17:47:56.903 [main] INFO  api.test.TestPet - ----------------Creating User----------------------
17:48:02.506 [main] INFO  api.test.TestPet - ----------------User info is displayed----------------------
17:48:02.539 [main] INFO  api.test.TestPet - ----------------GetUser details ----------------------
17:48:03.800 [main] INFO  api.test.TestPet - ----------------GetUser info displayed-------------------------
17:53:55.415 [main] INFO  api.test.TestPet - ----------------Creating User----------------------
17:54:01.170 [main] INFO  api.test.TestPet - ----------------User info is displayed----------------------
17:54:01.187 [main] INFO  api.test.TestPet - ----------------GetUser details ----------------------
17:54:02.393 [main] INFO  api.test.TestPet - ----------------GetUser info displayed-------------------------
17:57:08.783 [main] INFO  api.test.TestPet - ----------------Creating User----------------------
17:57:13.708 [main] INFO  api.test.TestPet - ----------------User info is displayed----------------------
17:57:13.724 [main] INFO  api.test.TestPet - ----------------GetUser details ----------------------
17:59:13.757 [main] INFO  api.test.TestPet - ----------------Creating User----------------------
17:59:19.181 [main] INFO  api.test.TestPet - ----------------User info is displayed----------------------
17:59:19.199 [main] INFO  api.test.TestPet - ----------------GetUser details ----------------------
18:00:01.566 [main] INFO  api.test.TestPet - ----------------Creating User----------------------
18:00:06.733 [main] INFO  api.test.TestPet - ----------------User info is displayed----------------------
18:00:06.751 [main] INFO  api.test.TestPet - ----------------GetUser details ----------------------
18:00:07.961 [main] INFO  api.test.TestPet - ----------------GetUser info displayed-------------------------
18:08:00.405 [main] INFO  api.test.TestPet - ----------------Creating User----------------------
18:08:05.910 [main] INFO  api.test.TestPet - ----------------User info is displayed----------------------
18:08:05.946 [main] INFO  api.test.TestPet - ----------------GetUser details ----------------------
18:08:07.228 [main] INFO  api.test.TestPet - ----------------GetUser info displayed-------------------------
18:11:08.190 [main] INFO  api.test.TestPet - ----------------Creating User----------------------
18:11:13.434 [main] INFO  api.test.TestPet - ----------------User info is displayed----------------------
18:11:13.452 [main] INFO  api.test.TestPet - ----------------GetUser details ----------------------
18:12:48.525 [main] INFO  api.test.TestPet - ----------------Creating User----------------------
18:12:53.657 [main] INFO  api.test.TestPet - ----------------User info is displayed----------------------
18:12:53.682 [main] INFO  api.test.TestPet - ----------------GetUser details ----------------------
18:15:37.263 [main] INFO  api.test.TestPet - ----------------Creating User----------------------
18:15:42.457 [main] INFO  api.test.TestPet - ----------------User info is displayed----------------------
18:15:42.492 [main] INFO  api.test.TestPet - ----------------GetUser details ----------------------
18:16:57.264 [main] INFO  api.test.TestPet - ----------------Creating User----------------------
18:17:02.350 [main] INFO  api.test.TestPet - ----------------User info is displayed----------------------
18:17:02.366 [main] INFO  api.test.TestPet - ----------------GetUser details ----------------------
18:19:52.905 [main] INFO  api.test.TestPet - ----------------Creating User----------------------
18:19:58.148 [main] INFO  api.test.TestPet - ----------------User info is displayed----------------------
18:19:58.168 [main] INFO  api.test.TestPet - ----------------GetUser details ----------------------
18:20:00.064 [main] INFO  api.test.TestPet - ----------------GetUser info displayed-------------------------
18:20:39.029 [main] INFO  api.test.TestPet - ----------------Creating User----------------------
18:20:44.746 [main] INFO  api.test.TestPet - ----------------User info is displayed----------------------
18:20:44.763 [main] INFO  api.test.TestPet - ----------------GetUser details ----------------------
18:21:28.139 [main] INFO  api.test.TestPet - ----------------Creating User----------------------
18:21:35.998 [main] INFO  api.test.TestPet - ----------------User info is displayed----------------------
18:21:36.014 [main] INFO  api.test.TestPet - ----------------GetUser details ----------------------
18:21:39.649 [main] INFO  api.test.TestPet - ----------------GetUser info displayed-------------------------
18:22:35.962 [main] INFO  api.test.TestPet - ----------------Creating User----------------------
18:22:41.902 [main] INFO  api.test.TestPet - ----------------User info is displayed----------------------
18:22:41.920 [main] INFO  api.test.TestPet - ----------------GetUser details ----------------------
18:22:43.166 [main] INFO  api.test.TestPet - ----------------GetUser info displayed-------------------------
18:25:36.500 [main] INFO  api.test.TestUser - ----------------Creating User----------------------
18:25:40.636 [main] INFO  api.test.TestUser - ----------------User info is displayed----------------------
18:25:40.647 [main] INFO  api.test.TestUser - ----------------GetUser details ----------------------
18:25:41.855 [main] INFO  api.test.TestUser - ----------------GetUser info displayed-------------------------
18:25:41.868 [main] INFO  api.test.TestUser - ----------------Update User details ----------------------
18:25:43.010 [main] INFO  api.test.TestUser - ----------------Updatd User details ----------------------
18:25:43.016 [main] INFO  api.test.TestUser - ----------------Deleting User ----------------------
18:25:44.190 [main] INFO  api.test.TestUser - ----------------User Deleted ----------------------
18:27:08.574 [main] INFO  api.test.TestPet - ----------------Creating User----------------------
18:27:13.873 [main] INFO  api.test.TestPet - ----------------User info is displayed----------------------
18:27:13.901 [main] INFO  api.test.TestPet - ----------------GetUser details ----------------------
18:27:15.132 [main] INFO  api.test.TestPet - ----------------GetUser info displayed-------------------------
18:29:40.626 [main] INFO  api.test.TestPet - ----------------Creating User----------------------
18:29:46.060 [main] INFO  api.test.TestPet - ----------------User info is displayed----------------------
18:29:46.080 [main] INFO  api.test.TestPet - ----------------GetUser details ----------------------
18:29:47.292 [main] INFO  api.test.TestPet - ----------------GetUser info displayed-------------------------
18:32:34.858 [main] INFO  api.test.TestPet - ----------------Creating User----------------------
18:32:40.018 [main] INFO  api.test.TestPet - ----------------User info is displayed----------------------
18:32:40.033 [main] INFO  api.test.TestPet - ----------------GetUser details ----------------------
18:32:41.223 [main] INFO  api.test.TestPet - ----------------GetUser info displayed-------------------------
18:35:36.440 [main] INFO  api.test.TestPet - ----------------Creating User----------------------
18:35:41.069 [main] INFO  api.test.TestPet - ----------------User info is displayed----------------------
18:38:38.596 [main] INFO  api.test.TestPet - ----------------Creating User----------------------
18:38:43.334 [main] INFO  api.test.TestPet - ----------------User info is displayed----------------------
18:40:53.717 [main] INFO  api.test.TestPet - ----------------Creating User----------------------
18:40:57.826 [main] INFO  api.test.TestPet - ----------------User info is displayed----------------------
18:41:53.548 [main] INFO  api.test.TestPet - ----------------Creating User----------------------
18:41:57.793 [main] INFO  api.test.TestPet - ----------------User info is displayed----------------------
18:45:26.775 [main] INFO  api.test.TestPet - ----------------Creating User----------------------
18:45:31.173 [main] INFO  api.test.TestPet - ----------------User info is displayed----------------------
19:28:10.132 [main] INFO  api.test.TestPet - ----------------User info is displayed----------------------
13:07:01.915 [main] INFO  api.test.TestPet - ----------------Creating User----------------------
13:07:06.156 [main] INFO  api.test.TestPet - ----------------User info is displayed----------------------
13:07:45.552 [main] INFO  api.test.TestPet - ----------------Creating User----------------------
13:07:49.778 [main] INFO  api.test.TestPet - ----------------User info is displayed----------------------
13:08:47.451 [main] INFO  api.test.TestPet - ----------------Creating User----------------------
13:08:51.788 [main] INFO  api.test.TestPet - ----------------User info is displayed----------------------
13:08:51.797 [main] INFO  api.test.TestPet - ----------------GetUser details ----------------------
13:08:54.482 [main] INFO  api.test.TestPet - ----------------GetUser info displayed-------------------------
13:16:08.052 [main] INFO  api.test.TestPet - ----------------Creating User----------------------
13:16:12.840 [main] INFO  api.test.TestPet - ----------------User info is displayed----------------------
13:16:12.852 [main] INFO  api.test.TestPet - ----------------GetUser details ----------------------
13:16:14.092 [main] INFO  api.test.TestPet - ----------------GetUser info displayed-------------------------
13:16:14.106 [main] INFO  api.test.TestPet - ----------------Update User details ----------------------
13:16:15.236 [main] INFO  api.test.TestPet - ----------------Updatd User details ----------------------
13:23:13.913 [main] INFO  api.test.TestPet - ----------------Adding Pet----------------------
13:23:18.410 [main] INFO  api.test.TestPet - ----------------Pet info is displayed----------------------
13:23:18.421 [main] INFO  api.test.TestPet - ----------------Get Pet details ----------------------
13:23:19.569 [main] INFO  api.test.TestPet - ----------------Get Pet info displayed-------------------------
13:23:19.583 [main] INFO  api.test.TestPet - ----------------Update Pet details ----------------------
13:23:19.672 [main] INFO  api.test.TestPet - ----------------Deleting Pet ----------------------
13:23:20.822 [main] INFO  api.test.TestPet - ----------------Pet Deleted ----------------------
13:25:47.835 [main] INFO  api.test.TestPet - ----------------Adding Pet----------------------
13:25:52.099 [main] INFO  api.test.TestPet - ----------------Pet info is displayed----------------------
13:25:52.109 [main] INFO  api.test.TestPet - ----------------Get Pet details ----------------------
13:25:53.217 [main] INFO  api.test.TestPet - ----------------Get Pet info displayed-------------------------
13:25:53.230 [main] INFO  api.test.TestPet - ----------------Update Pet details ----------------------
13:25:53.283 [main] INFO  api.test.TestPet - ----------------Deleting Pet ----------------------
13:25:54.412 [main] INFO  api.test.TestPet - ----------------Pet Deleted ----------------------
13:26:48.958 [main] INFO  api.test.TestPet - ----------------Adding Pet----------------------
13:26:52.995 [main] INFO  api.test.TestPet - ----------------Pet info is displayed----------------------
13:26:53.012 [main] INFO  api.test.TestPet - ----------------Get Pet details ----------------------
13:26:54.205 [main] INFO  api.test.TestPet - ----------------Get Pet info displayed-------------------------
13:26:54.211 [main] INFO  api.test.TestPet - ----------------Update Pet details ----------------------
13:26:55.426 [main] INFO  api.test.TestPet - ----------------Deleting Pet ----------------------
13:26:56.548 [main] INFO  api.test.TestPet - ----------------Pet Deleted ----------------------
13:31:55.975 [main] INFO  api.test.TestPet - ----------------Adding Pet----------------------
13:32:00.271 [main] INFO  api.test.TestPet - ----------------Pet info is displayed----------------------
13:32:00.294 [main] INFO  api.test.TestPet - ----------------Get Pet details ----------------------
13:32:01.471 [main] INFO  api.test.TestPet - ----------------Get Pet info displayed-------------------------
13:32:01.487 [main] INFO  api.test.TestPet - ----------------Update Pet details ----------------------
13:32:02.701 [main] INFO  api.test.TestPet - ----------------Deleting Pet ----------------------
13:32:03.831 [main] INFO  api.test.TestPet - ----------------Pet Deleted ----------------------
13:33:01.314 [main] INFO  api.test.TestPet - ----------------Adding Pet----------------------
13:33:05.587 [main] INFO  api.test.TestPet - ----------------Pet info is displayed----------------------
13:33:05.597 [main] INFO  api.test.TestPet - ----------------Get Pet details ----------------------
13:33:06.765 [main] INFO  api.test.TestPet - ----------------Get Pet info displayed-------------------------
13:33:06.784 [main] INFO  api.test.TestPet - ----------------Update Pet details ----------------------
13:33:07.958 [main] INFO  api.test.TestPet - ----------------Deleting Pet ----------------------
13:33:09.062 [main] INFO  api.test.TestPet - ----------------Pet Deleted ----------------------
13:34:23.336 [main] INFO  api.test.TestPet - ----------------Adding Pet----------------------
13:34:27.582 [main] INFO  api.test.TestPet - ----------------Pet info is displayed----------------------
13:34:27.591 [main] INFO  api.test.TestPet - ----------------Get Pet details ----------------------
13:34:28.758 [main] INFO  api.test.TestPet - ----------------Get Pet info displayed-------------------------
13:34:28.771 [main] INFO  api.test.TestPet - ----------------Update Pet details ----------------------
13:34:29.960 [main] INFO  api.test.TestPet - ----------------Deleting Pet ----------------------
13:34:31.070 [main] INFO  api.test.TestPet - ----------------Pet Deleted ----------------------
13:36:19.856 [main] INFO  api.test.TestPet - ----------------Deleting Pet ----------------------
13:37:00.907 [main] INFO  api.test.TestPet - ----------------Adding Pet----------------------
13:37:05.073 [main] INFO  api.test.TestPet - ----------------Pet info is displayed----------------------
13:37:05.083 [main] INFO  api.test.TestPet - ----------------Get Pet details ----------------------
13:37:06.275 [main] INFO  api.test.TestPet - ----------------Get Pet info displayed-------------------------
13:37:06.297 [main] INFO  api.test.TestPet - ----------------Update Pet details ----------------------
13:37:07.450 [main] INFO  api.test.TestPet - ----------------Deleting Pet ----------------------
13:37:08.612 [main] INFO  api.test.TestPet - ----------------Pet Deleted ----------------------
13:41:47.985 [main] INFO  api.test.TestPet - ----------------Adding Pet----------------------
13:41:52.112 [main] INFO  api.test.TestPet - ----------------Pet info is displayed----------------------
13:41:52.122 [main] INFO  api.test.TestPet - ----------------Get Pet details ----------------------
13:41:53.336 [main] INFO  api.test.TestPet - ----------------Get Pet info displayed-------------------------
13:41:53.351 [main] INFO  api.test.TestPet - ----------------Update Pet details ----------------------
13:41:54.464 [main] INFO  api.test.TestPet - ----------------Updated Pet details ----------------------
13:41:54.477 [main] INFO  api.test.TestPet - ----------------Deleting Pet ----------------------
13:41:55.606 [main] INFO  api.test.TestPet - ----------------Pet Deleted ----------------------
14:51:30.533 [main] INFO  api.test.TestPet - ----------------Adding Pet----------------------
14:51:34.800 [main] INFO  api.test.TestPet - ----------------Pet info is displayed----------------------
14:51:34.810 [main] INFO  api.test.TestPet - ----------------Get Pet details ----------------------
14:51:35.966 [main] INFO  api.test.TestPet - ----------------Get Pet info displayed-------------------------
14:51:35.978 [main] INFO  api.test.TestPet - ----------------Update Pet details ----------------------
14:51:37.128 [main] INFO  api.test.TestPet - ----------------Updated Pet details ----------------------
14:51:37.141 [main] INFO  api.test.TestPet - ----------------Deleting Pet ----------------------
14:51:38.265 [main] INFO  api.test.TestPet - ----------------Pet Deleted ----------------------
14:55:18.461 [main] INFO  api.test.TestUser - ----------------Creating User----------------------
14:55:22.493 [main] INFO  api.test.TestUser - ----------------User info is displayed----------------------
14:55:22.521 [main] INFO  api.test.TestUser - ----------------GetUser details ----------------------
14:55:23.794 [main] INFO  api.test.TestUser - ----------------GetUser info displayed-------------------------
14:55:23.812 [main] INFO  api.test.TestUser - ----------------Update User details ----------------------
14:55:24.931 [main] INFO  api.test.TestUser - ----------------Updatd User details ----------------------
14:55:24.946 [main] INFO  api.test.TestUser - ----------------Deleting User ----------------------
14:55:26.097 [main] INFO  api.test.TestUser - ----------------User Deleted ----------------------
14:55:26.554 [main] DEBUG org.apache.poi.openxml4j.opc.PackageRelationshipCollection - Parsing relationship: /xl/_rels/workbook.xml.rels
14:55:26.558 [main] DEBUG org.apache.poi.openxml4j.opc.PackageRelationshipCollection - Parsing relationship: /xl/worksheets/_rels/sheet1.xml.rels
14:55:26.560 [main] DEBUG org.apache.poi.openxml4j.opc.PackageRelationshipCollection - Parsing relationship: /_rels/.rels
14:55:27.479 [main] DEBUG org.apache.poi.ooxml.POIXMLFactory - using default POIXMLDocumentPart for http://schemas.openxmlformats.org/officeDocument/2006/relationships/printerSettings
14:55:27.692 [main] DEBUG org.apache.poi.openxml4j.opc.PackageRelationshipCollection - Parsing relationship: /xl/_rels/workbook.xml.rels
14:55:27.694 [main] DEBUG org.apache.poi.openxml4j.opc.PackageRelationshipCollection - Parsing relationship: /xl/worksheets/_rels/sheet1.xml.rels
14:55:27.696 [main] DEBUG org.apache.poi.openxml4j.opc.PackageRelationshipCollection - Parsing relationship: /_rels/.rels
14:55:27.726 [main] DEBUG org.apache.poi.ooxml.POIXMLFactory - using default POIXMLDocumentPart for http://schemas.openxmlformats.org/officeDocument/2006/relationships/printerSettings
14:55:27.766 [main] DEBUG org.apache.poi.openxml4j.opc.PackageRelationshipCollection - Parsing relationship: /xl/_rels/workbook.xml.rels
14:55:27.767 [main] DEBUG org.apache.poi.openxml4j.opc.PackageRelationshipCollection - Parsing relationship: /xl/worksheets/_rels/sheet1.xml.rels
14:55:27.770 [main] DEBUG org.apache.poi.openxml4j.opc.PackageRelationshipCollection - Parsing relationship: /_rels/.rels
14:55:27.795 [main] DEBUG org.apache.poi.ooxml.POIXMLFactory - using default POIXMLDocumentPart for http://schemas.openxmlformats.org/officeDocument/2006/relationships/printerSettings
14:55:27.895 [main] DEBUG org.apache.poi.openxml4j.opc.PackageRelationshipCollection - Parsing relationship: /xl/_rels/workbook.xml.rels
14:55:27.897 [main] DEBUG org.apache.poi.openxml4j.opc.PackageRelationshipCollection - Parsing relationship: /xl/worksheets/_rels/sheet1.xml.rels
14:55:27.898 [main] DEBUG org.apache.poi.openxml4j.opc.PackageRelationshipCollection - Parsing relationship: /_rels/.rels
14:55:27.916 [main] DEBUG org.apache.poi.ooxml.POIXMLFactory - using default POIXMLDocumentPart for http://schemas.openxmlformats.org/officeDocument/2006/relationships/printerSettings
14:55:27.954 [main] DEBUG org.apache.poi.openxml4j.opc.PackageRelationshipCollection - Parsing relationship: /xl/_rels/workbook.xml.rels
14:55:27.956 [main] DEBUG org.apache.poi.openxml4j.opc.PackageRelationshipCollection - Parsing relationship: /xl/worksheets/_rels/sheet1.xml.rels
14:55:27.961 [main] DEBUG org.apache.poi.openxml4j.opc.PackageRelationshipCollection - Parsing relationship: /_rels/.rels
14:55:27.982 [main] DEBUG org.apache.poi.ooxml.POIXMLFactory - using default POIXMLDocumentPart for http://schemas.openxmlformats.org/officeDocument/2006/relationships/printerSettings
14:55:28.009 [main] DEBUG org.apache.poi.openxml4j.opc.PackageRelationshipCollection - Parsing relationship: /xl/_rels/workbook.xml.rels
14:55:28.010 [main] DEBUG org.apache.poi.openxml4j.opc.PackageRelationshipCollection - Parsing relationship: /xl/worksheets/_rels/sheet1.xml.rels
14:55:28.012 [main] DEBUG org.apache.poi.openxml4j.opc.PackageRelationshipCollection - Parsing relationship: /_rels/.rels
14:55:28.029 [main] DEBUG org.apache.poi.ooxml.POIXMLFactory - using default POIXMLDocumentPart for http://schemas.openxmlformats.org/officeDocument/2006/relationships/printerSettings
14:55:28.056 [main] DEBUG org.apache.poi.openxml4j.opc.PackageRelationshipCollection - Parsing relationship: /xl/_rels/workbook.xml.rels
14:55:28.058 [main] DEBUG org.apache.poi.openxml4j.opc.PackageRelationshipCollection - Parsing relationship: /xl/worksheets/_rels/sheet1.xml.rels
14:55:28.060 [main] DEBUG org.apache.poi.openxml4j.opc.PackageRelationshipCollection - Parsing relationship: /_rels/.rels
14:55:28.075 [main] DEBUG org.apache.poi.ooxml.POIXMLFactory - using default POIXMLDocumentPart for http://schemas.openxmlformats.org/officeDocument/2006/relationships/printerSettings
14:55:28.102 [main] DEBUG org.apache.poi.openxml4j.opc.PackageRelationshipCollection - Parsing relationship: /xl/_rels/workbook.xml.rels
14:55:28.104 [main] DEBUG org.apache.poi.openxml4j.opc.PackageRelationshipCollection - Parsing relationship: /xl/worksheets/_rels/sheet1.xml.rels
14:55:28.106 [main] DEBUG org.apache.poi.openxml4j.opc.PackageRelationshipCollection - Parsing relationship: /_rels/.rels
14:55:28.122 [main] DEBUG org.apache.poi.ooxml.POIXMLFactory - using default POIXMLDocumentPart for http://schemas.openxmlformats.org/officeDocument/2006/relationships/printerSettings
14:55:28.160 [main] DEBUG org.apache.poi.openxml4j.opc.PackageRelationshipCollection - Parsing relationship: /xl/_rels/workbook.xml.rels
14:55:28.162 [main] DEBUG org.apache.poi.openxml4j.opc.PackageRelationshipCollection - Parsing relationship: /xl/worksheets/_rels/sheet1.xml.rels
14:55:28.163 [main] DEBUG org.apache.poi.openxml4j.opc.PackageRelationshipCollection - Parsing relationship: /_rels/.rels
14:55:28.214 [main] DEBUG org.apache.poi.ooxml.POIXMLFactory - using default POIXMLDocumentPart for http://schemas.openxmlformats.org/officeDocument/2006/relationships/printerSettings
14:55:28.275 [main] DEBUG org.apache.poi.openxml4j.opc.PackageRelationshipCollection - Parsing relationship: /xl/_rels/workbook.xml.rels
14:55:28.276 [main] DEBUG org.apache.poi.openxml4j.opc.PackageRelationshipCollection - Parsing relationship: /xl/worksheets/_rels/sheet1.xml.rels
14:55:28.277 [main] DEBUG org.apache.poi.openxml4j.opc.PackageRelationshipCollection - Parsing relationship: /_rels/.rels
14:55:28.297 [main] DEBUG org.apache.poi.ooxml.POIXMLFactory - using default POIXMLDocumentPart for http://schemas.openxmlformats.org/officeDocument/2006/relationships/printerSettings
14:55:28.318 [main] DEBUG org.apache.poi.openxml4j.opc.PackageRelationshipCollection - Parsing relationship: /xl/_rels/workbook.xml.rels
14:55:28.319 [main] DEBUG org.apache.poi.openxml4j.opc.PackageRelationshipCollection - Parsing relationship: /xl/worksheets/_rels/sheet1.xml.rels
14:55:28.321 [main] DEBUG org.apache.poi.openxml4j.opc.PackageRelationshipCollection - Parsing relationship: /_rels/.rels
14:55:28.334 [main] DEBUG org.apache.poi.ooxml.POIXMLFactory - using default POIXMLDocumentPart for http://schemas.openxmlformats.org/officeDocument/2006/relationships/printerSettings
14:55:28.356 [main] DEBUG org.apache.poi.openxml4j.opc.PackageRelationshipCollection - Parsing relationship: /xl/_rels/workbook.xml.rels
14:55:28.357 [main] DEBUG org.apache.poi.openxml4j.opc.PackageRelationshipCollection - Parsing relationship: /xl/worksheets/_rels/sheet1.xml.rels
14:55:28.359 [main] DEBUG org.apache.poi.openxml4j.opc.PackageRelationshipCollection - Parsing relationship: /_rels/.rels
14:55:28.372 [main] DEBUG org.apache.poi.ooxml.POIXMLFactory - using default POIXMLDocumentPart for http://schemas.openxmlformats.org/officeDocument/2006/relationships/printerSettings
14:55:28.393 [main] DEBUG org.apache.poi.openxml4j.opc.PackageRelationshipCollection - Parsing relationship: /xl/_rels/workbook.xml.rels
14:55:28.395 [main] DEBUG org.apache.poi.openxml4j.opc.PackageRelationshipCollection - Parsing relationship: /xl/worksheets/_rels/sheet1.xml.rels
14:55:28.396 [main] DEBUG org.apache.poi.openxml4j.opc.PackageRelationshipCollection - Parsing relationship: /_rels/.rels
14:55:28.409 [main] DEBUG org.apache.poi.ooxml.POIXMLFactory - using default POIXMLDocumentPart for http://schemas.openxmlformats.org/officeDocument/2006/relationships/printerSettings
14:55:28.430 [main] DEBUG org.apache.poi.openxml4j.opc.PackageRelationshipCollection - Parsing relationship: /xl/_rels/workbook.xml.rels
14:55:28.431 [main] DEBUG org.apache.poi.openxml4j.opc.PackageRelationshipCollection - Parsing relationship: /xl/worksheets/_rels/sheet1.xml.rels
14:55:28.433 [main] DEBUG org.apache.poi.openxml4j.opc.PackageRelationshipCollection - Parsing relationship: /_rels/.rels
14:55:28.455 [main] DEBUG org.apache.poi.ooxml.POIXMLFactory - using default POIXMLDocumentPart for http://schemas.openxmlformats.org/officeDocument/2006/relationships/printerSettings
14:55:28.478 [main] DEBUG org.apache.poi.openxml4j.opc.PackageRelationshipCollection - Parsing relationship: /xl/_rels/workbook.xml.rels
14:55:28.480 [main] DEBUG org.apache.poi.openxml4j.opc.PackageRelationshipCollection - Parsing relationship: /xl/worksheets/_rels/sheet1.xml.rels
14:55:28.481 [main] DEBUG org.apache.poi.openxml4j.opc.PackageRelationshipCollection - Parsing relationship: /_rels/.rels
14:55:28.492 [main] DEBUG org.apache.poi.ooxml.POIXMLFactory - using default POIXMLDocumentPart for http://schemas.openxmlformats.org/officeDocument/2006/relationships/printerSettings
14:55:28.513 [main] DEBUG org.apache.poi.openxml4j.opc.PackageRelationshipCollection - Parsing relationship: /xl/_rels/workbook.xml.rels
14:55:28.515 [main] DEBUG org.apache.poi.openxml4j.opc.PackageRelationshipCollection - Parsing relationship: /xl/worksheets/_rels/sheet1.xml.rels
14:55:28.516 [main] DEBUG org.apache.poi.openxml4j.opc.PackageRelationshipCollection - Parsing relationship: /_rels/.rels
14:55:28.535 [main] DEBUG org.apache.poi.ooxml.POIXMLFactory - using default POIXMLDocumentPart for http://schemas.openxmlformats.org/officeDocument/2006/relationships/printerSettings
14:55:28.557 [main] DEBUG org.apache.poi.openxml4j.opc.PackageRelationshipCollection - Parsing relationship: /xl/_rels/workbook.xml.rels
14:55:28.558 [main] DEBUG org.apache.poi.openxml4j.opc.PackageRelationshipCollection - Parsing relationship: /xl/worksheets/_rels/sheet1.xml.rels
14:55:28.560 [main] DEBUG org.apache.poi.openxml4j.opc.PackageRelationshipCollection - Parsing relationship: /_rels/.rels
14:55:28.572 [main] DEBUG org.apache.poi.ooxml.POIXMLFactory - using default POIXMLDocumentPart for http://schemas.openxmlformats.org/officeDocument/2006/relationships/printerSettings
14:55:28.592 [main] DEBUG org.apache.poi.openxml4j.opc.PackageRelationshipCollection - Parsing relationship: /xl/_rels/workbook.xml.rels
14:55:28.593 [main] DEBUG org.apache.poi.openxml4j.opc.PackageRelationshipCollection - Parsing relationship: /xl/worksheets/_rels/sheet1.xml.rels
14:55:28.594 [main] DEBUG org.apache.poi.openxml4j.opc.PackageRelationshipCollection - Parsing relationship: /_rels/.rels
14:55:28.603 [main] DEBUG org.apache.poi.ooxml.POIXMLFactory - using default POIXMLDocumentPart for http://schemas.openxmlformats.org/officeDocument/2006/relationships/printerSettings
14:55:28.622 [main] DEBUG org.apache.poi.openxml4j.opc.PackageRelationshipCollection - Parsing relationship: /xl/_rels/workbook.xml.rels
14:55:28.624 [main] DEBUG org.apache.poi.openxml4j.opc.PackageRelationshipCollection - Parsing relationship: /xl/worksheets/_rels/sheet1.xml.rels
14:55:28.625 [main] DEBUG org.apache.poi.openxml4j.opc.PackageRelationshipCollection - Parsing relationship: /_rels/.rels
14:55:28.635 [main] DEBUG org.apache.poi.ooxml.POIXMLFactory - using default POIXMLDocumentPart for http://schemas.openxmlformats.org/officeDocument/2006/relationships/printerSettings
14:55:28.661 [main] DEBUG org.apache.poi.openxml4j.opc.PackageRelationshipCollection - Parsing relationship: /xl/_rels/workbook.xml.rels
14:55:28.662 [main] DEBUG org.apache.poi.openxml4j.opc.PackageRelationshipCollection - Parsing relationship: /xl/worksheets/_rels/sheet1.xml.rels
14:55:28.663 [main] DEBUG org.apache.poi.openxml4j.opc.PackageRelationshipCollection - Parsing relationship: /_rels/.rels
14:55:28.678 [main] DEBUG org.apache.poi.ooxml.POIXMLFactory - using default POIXMLDocumentPart for http://schemas.openxmlformats.org/officeDocument/2006/relationships/printerSettings
14:55:28.701 [main] DEBUG org.apache.poi.openxml4j.opc.PackageRelationshipCollection - Parsing relationship: /xl/_rels/workbook.xml.rels
14:55:28.702 [main] DEBUG org.apache.poi.openxml4j.opc.PackageRelationshipCollection - Parsing relationship: /xl/worksheets/_rels/sheet1.xml.rels
14:55:28.704 [main] DEBUG org.apache.poi.openxml4j.opc.PackageRelationshipCollection - Parsing relationship: /_rels/.rels
14:55:28.715 [main] DEBUG org.apache.poi.ooxml.POIXMLFactory - using default POIXMLDocumentPart for http://schemas.openxmlformats.org/officeDocument/2006/relationships/printerSettings
14:55:28.735 [main] DEBUG org.apache.poi.openxml4j.opc.PackageRelationshipCollection - Parsing relationship: /xl/_rels/workbook.xml.rels
14:55:28.737 [main] DEBUG org.apache.poi.openxml4j.opc.PackageRelationshipCollection - Parsing relationship: /xl/worksheets/_rels/sheet1.xml.rels
14:55:28.738 [main] DEBUG org.apache.poi.openxml4j.opc.PackageRelationshipCollection - Parsing relationship: /_rels/.rels
14:55:28.751 [main] DEBUG org.apache.poi.ooxml.POIXMLFactory - using default POIXMLDocumentPart for http://schemas.openxmlformats.org/officeDocument/2006/relationships/printerSettings
14:55:28.770 [main] DEBUG org.apache.poi.openxml4j.opc.PackageRelationshipCollection - Parsing relationship: /xl/_rels/workbook.xml.rels
14:55:28.771 [main] DEBUG org.apache.poi.openxml4j.opc.PackageRelationshipCollection - Parsing relationship: /xl/worksheets/_rels/sheet1.xml.rels
14:55:28.772 [main] DEBUG org.apache.poi.openxml4j.opc.PackageRelationshipCollection - Parsing relationship: /_rels/.rels
14:55:28.783 [main] DEBUG org.apache.poi.ooxml.POIXMLFactory - using default POIXMLDocumentPart for http://schemas.openxmlformats.org/officeDocument/2006/relationships/printerSettings
14:55:28.859 [main] INFO  api.test.TestUserExcelDriven - ----------------Create User by DataDriven-- ----------------------
14:55:30.014 [main] INFO  api.test.TestUserExcelDriven - ----------------User Created by DataDriven-- ----------------------
14:55:30.018 [main] INFO  api.test.TestUserExcelDriven - ----------------Create User by DataDriven-- ----------------------
14:55:31.124 [main] INFO  api.test.TestUserExcelDriven - ----------------User Created by DataDriven-- ----------------------
14:55:31.149 [main] INFO  api.test.TestUserExcelDriven - ----------------Create User by DataDriven-- ----------------------
14:55:32.264 [main] INFO  api.test.TestUserExcelDriven - ----------------User Created by DataDriven-- ----------------------
14:55:32.304 [main] DEBUG org.apache.poi.openxml4j.opc.PackageRelationshipCollection - Parsing relationship: /xl/_rels/workbook.xml.rels
14:55:32.306 [main] DEBUG org.apache.poi.openxml4j.opc.PackageRelationshipCollection - Parsing relationship: /xl/worksheets/_rels/sheet1.xml.rels
14:55:32.308 [main] DEBUG org.apache.poi.openxml4j.opc.PackageRelationshipCollection - Parsing relationship: /_rels/.rels
14:55:32.329 [main] DEBUG org.apache.poi.ooxml.POIXMLFactory - using default POIXMLDocumentPart for http://schemas.openxmlformats.org/officeDocument/2006/relationships/printerSettings
14:55:32.347 [main] DEBUG org.apache.poi.openxml4j.opc.PackageRelationshipCollection - Parsing relationship: /xl/_rels/workbook.xml.rels
14:55:32.348 [main] DEBUG org.apache.poi.openxml4j.opc.PackageRelationshipCollection - Parsing relationship: /xl/worksheets/_rels/sheet1.xml.rels
14:55:32.349 [main] DEBUG org.apache.poi.openxml4j.opc.PackageRelationshipCollection - Parsing relationship: /_rels/.rels
14:55:32.359 [main] DEBUG org.apache.poi.ooxml.POIXMLFactory - using default POIXMLDocumentPart for http://schemas.openxmlformats.org/officeDocument/2006/relationships/printerSettings
14:55:32.455 [main] INFO  api.test.TestPet - ----------------Adding Pet----------------------
14:55:33.666 [main] INFO  api.test.TestPet - ----------------Pet info is displayed----------------------
14:55:33.678 [main] INFO  api.test.TestPet - ----------------Get Pet details ----------------------
14:55:34.806 [main] INFO  api.test.TestPet - ----------------Get Pet info displayed-------------------------
14:55:34.816 [main] INFO  api.test.TestPet - ----------------Update Pet details ----------------------
14:55:35.976 [main] INFO  api.test.TestPet - ----------------Updated Pet details ----------------------
14:55:35.986 [main] INFO  api.test.TestPet - ----------------Deleting Pet ----------------------
14:55:37.104 [main] INFO  api.test.TestPet - ----------------Pet Deleted ----------------------
15:00:58.253 [main] INFO  api.test.TestPet - ----------------Adding Pet----------------------
15:01:02.613 [main] INFO  api.test.TestPet - ----------------Pet info is displayed----------------------
15:01:02.625 [main] INFO  api.test.TestPet - ----------------Get Pet details ----------------------
15:01:03.766 [main] INFO  api.test.TestPet - ----------------Get Pet info displayed-------------------------
15:01:03.772 [main] INFO  api.test.TestPet - ----------------Update Pet details ----------------------
15:01:04.893 [main] INFO  api.test.TestPet - ----------------Updated Pet details ----------------------
15:01:04.898 [main] INFO  api.test.TestPet - ----------------Deleting Pet ----------------------
15:01:06.049 [main] INFO  api.test.TestPet - ----------------Pet Deleted ----------------------
15:01:06.193 [main] INFO  api.test.TestUser - ----------------Creating User----------------------
15:01:07.293 [main] INFO  api.test.TestUser - ----------------User info is displayed----------------------
15:01:07.297 [main] INFO  api.test.TestUser - ----------------GetUser details ----------------------
15:01:08.428 [main] INFO  api.test.TestUser - ----------------GetUser info displayed-------------------------
15:01:08.434 [main] INFO  api.test.TestUser - ----------------Update User details ----------------------
15:01:09.563 [main] INFO  api.test.TestUser - ----------------Updatd User details ----------------------
15:01:09.567 [main] INFO  api.test.TestUser - ----------------Deleting User ----------------------
15:01:10.696 [main] INFO  api.test.TestUser - ----------------User Deleted ----------------------
15:01:10.918 [main] DEBUG org.apache.poi.openxml4j.opc.PackageRelationshipCollection - Parsing relationship: /xl/_rels/workbook.xml.rels
15:01:10.922 [main] DEBUG org.apache.poi.openxml4j.opc.PackageRelationshipCollection - Parsing relationship: /xl/worksheets/_rels/sheet1.xml.rels
15:01:10.924 [main] DEBUG org.apache.poi.openxml4j.opc.PackageRelationshipCollection - Parsing relationship: /_rels/.rels
15:01:11.500 [main] DEBUG org.apache.poi.ooxml.POIXMLFactory - using default POIXMLDocumentPart for http://schemas.openxmlformats.org/officeDocument/2006/relationships/printerSettings
15:01:11.638 [main] DEBUG org.apache.poi.openxml4j.opc.PackageRelationshipCollection - Parsing relationship: /xl/_rels/workbook.xml.rels
15:01:11.641 [main] DEBUG org.apache.poi.openxml4j.opc.PackageRelationshipCollection - Parsing relationship: /xl/worksheets/_rels/sheet1.xml.rels
15:01:11.643 [main] DEBUG org.apache.poi.openxml4j.opc.PackageRelationshipCollection - Parsing relationship: /_rels/.rels
15:01:11.683 [main] DEBUG org.apache.poi.ooxml.POIXMLFactory - using default POIXMLDocumentPart for http://schemas.openxmlformats.org/officeDocument/2006/relationships/printerSettings
15:01:11.718 [main] DEBUG org.apache.poi.openxml4j.opc.PackageRelationshipCollection - Parsing relationship: /xl/_rels/workbook.xml.rels
15:01:11.720 [main] DEBUG org.apache.poi.openxml4j.opc.PackageRelationshipCollection - Parsing relationship: /xl/worksheets/_rels/sheet1.xml.rels
15:01:11.723 [main] DEBUG org.apache.poi.openxml4j.opc.PackageRelationshipCollection - Parsing relationship: /_rels/.rels
15:01:11.744 [main] DEBUG org.apache.poi.ooxml.POIXMLFactory - using default POIXMLDocumentPart for http://schemas.openxmlformats.org/officeDocument/2006/relationships/printerSettings
15:01:11.807 [main] DEBUG org.apache.poi.openxml4j.opc.PackageRelationshipCollection - Parsing relationship: /xl/_rels/workbook.xml.rels
15:01:11.809 [main] DEBUG org.apache.poi.openxml4j.opc.PackageRelationshipCollection - Parsing relationship: /xl/worksheets/_rels/sheet1.xml.rels
15:01:11.811 [main] DEBUG org.apache.poi.openxml4j.opc.PackageRelationshipCollection - Parsing relationship: /_rels/.rels
15:01:11.831 [main] DEBUG org.apache.poi.ooxml.POIXMLFactory - using default POIXMLDocumentPart for http://schemas.openxmlformats.org/officeDocument/2006/relationships/printerSettings
15:01:11.869 [main] DEBUG org.apache.poi.openxml4j.opc.PackageRelationshipCollection - Parsing relationship: /xl/_rels/workbook.xml.rels
15:01:11.871 [main] DEBUG org.apache.poi.openxml4j.opc.PackageRelationshipCollection - Parsing relationship: /xl/worksheets/_rels/sheet1.xml.rels
15:01:11.873 [main] DEBUG org.apache.poi.openxml4j.opc.PackageRelationshipCollection - Parsing relationship: /_rels/.rels
15:01:11.892 [main] DEBUG org.apache.poi.ooxml.POIXMLFactory - using default POIXMLDocumentPart for http://schemas.openxmlformats.org/officeDocument/2006/relationships/printerSettings
15:01:11.923 [main] DEBUG org.apache.poi.openxml4j.opc.PackageRelationshipCollection - Parsing relationship: /xl/_rels/workbook.xml.rels
15:01:11.925 [main] DEBUG org.apache.poi.openxml4j.opc.PackageRelationshipCollection - Parsing relationship: /xl/worksheets/_rels/sheet1.xml.rels
15:01:11.926 [main] DEBUG org.apache.poi.openxml4j.opc.PackageRelationshipCollection - Parsing relationship: /_rels/.rels
15:01:11.944 [main] DEBUG org.apache.poi.ooxml.POIXMLFactory - using default POIXMLDocumentPart for http://schemas.openxmlformats.org/officeDocument/2006/relationships/printerSettings
15:01:11.974 [main] DEBUG org.apache.poi.openxml4j.opc.PackageRelationshipCollection - Parsing relationship: /xl/_rels/workbook.xml.rels
15:01:11.975 [main] DEBUG org.apache.poi.openxml4j.opc.PackageRelationshipCollection - Parsing relationship: /xl/worksheets/_rels/sheet1.xml.rels
15:01:11.977 [main] DEBUG org.apache.poi.openxml4j.opc.PackageRelationshipCollection - Parsing relationship: /_rels/.rels
15:01:11.993 [main] DEBUG org.apache.poi.ooxml.POIXMLFactory - using default POIXMLDocumentPart for http://schemas.openxmlformats.org/officeDocument/2006/relationships/printerSettings
15:01:12.023 [main] DEBUG org.apache.poi.openxml4j.opc.PackageRelationshipCollection - Parsing relationship: /xl/_rels/workbook.xml.rels
15:01:12.025 [main] DEBUG org.apache.poi.openxml4j.opc.PackageRelationshipCollection - Parsing relationship: /xl/worksheets/_rels/sheet1.xml.rels
15:01:12.027 [main] DEBUG org.apache.poi.openxml4j.opc.PackageRelationshipCollection - Parsing relationship: /_rels/.rels
15:01:12.044 [main] DEBUG org.apache.poi.ooxml.POIXMLFactory - using default POIXMLDocumentPart for http://schemas.openxmlformats.org/officeDocument/2006/relationships/printerSettings
15:01:12.069 [main] DEBUG org.apache.poi.openxml4j.opc.PackageRelationshipCollection - Parsing relationship: /xl/_rels/workbook.xml.rels
15:01:12.070 [main] DEBUG org.apache.poi.openxml4j.opc.PackageRelationshipCollection - Parsing relationship: /xl/worksheets/_rels/sheet1.xml.rels
15:01:12.072 [main] DEBUG org.apache.poi.openxml4j.opc.PackageRelationshipCollection - Parsing relationship: /_rels/.rels
15:01:12.085 [main] DEBUG org.apache.poi.ooxml.POIXMLFactory - using default POIXMLDocumentPart for http://schemas.openxmlformats.org/officeDocument/2006/relationships/printerSettings
15:01:12.111 [main] DEBUG org.apache.poi.openxml4j.opc.PackageRelationshipCollection - Parsing relationship: /xl/_rels/workbook.xml.rels
15:01:12.112 [main] DEBUG org.apache.poi.openxml4j.opc.PackageRelationshipCollection - Parsing relationship: /xl/worksheets/_rels/sheet1.xml.rels
15:01:12.114 [main] DEBUG org.apache.poi.openxml4j.opc.PackageRelationshipCollection - Parsing relationship: /_rels/.rels
15:01:12.130 [main] DEBUG org.apache.poi.ooxml.POIXMLFactory - using default POIXMLDocumentPart for http://schemas.openxmlformats.org/officeDocument/2006/relationships/printerSettings
15:01:12.166 [main] DEBUG org.apache.poi.openxml4j.opc.PackageRelationshipCollection - Parsing relationship: /xl/_rels/workbook.xml.rels
15:01:12.168 [main] DEBUG org.apache.poi.openxml4j.opc.PackageRelationshipCollection - Parsing relationship: /xl/worksheets/_rels/sheet1.xml.rels
15:01:12.169 [main] DEBUG org.apache.poi.openxml4j.opc.PackageRelationshipCollection - Parsing relationship: /_rels/.rels
15:01:12.186 [main] DEBUG org.apache.poi.ooxml.POIXMLFactory - using default POIXMLDocumentPart for http://schemas.openxmlformats.org/officeDocument/2006/relationships/printerSettings
15:01:12.212 [main] DEBUG org.apache.poi.openxml4j.opc.PackageRelationshipCollection - Parsing relationship: /xl/_rels/workbook.xml.rels
15:01:12.213 [main] DEBUG org.apache.poi.openxml4j.opc.PackageRelationshipCollection - Parsing relationship: /xl/worksheets/_rels/sheet1.xml.rels
15:01:12.215 [main] DEBUG org.apache.poi.openxml4j.opc.PackageRelationshipCollection - Parsing relationship: /_rels/.rels
15:01:12.233 [main] DEBUG org.apache.poi.ooxml.POIXMLFactory - using default POIXMLDocumentPart for http://schemas.openxmlformats.org/officeDocument/2006/relationships/printerSettings
15:01:12.259 [main] DEBUG org.apache.poi.openxml4j.opc.PackageRelationshipCollection - Parsing relationship: /xl/_rels/workbook.xml.rels
15:01:12.261 [main] DEBUG org.apache.poi.openxml4j.opc.PackageRelationshipCollection - Parsing relationship: /xl/worksheets/_rels/sheet1.xml.rels
15:01:12.263 [main] DEBUG org.apache.poi.openxml4j.opc.PackageRelationshipCollection - Parsing relationship: /_rels/.rels
15:01:12.279 [main] DEBUG org.apache.poi.ooxml.POIXMLFactory - using default POIXMLDocumentPart for http://schemas.openxmlformats.org/officeDocument/2006/relationships/printerSettings
15:01:12.303 [main] DEBUG org.apache.poi.openxml4j.opc.PackageRelationshipCollection - Parsing relationship: /xl/_rels/workbook.xml.rels
15:01:12.304 [main] DEBUG org.apache.poi.openxml4j.opc.PackageRelationshipCollection - Parsing relationship: /xl/worksheets/_rels/sheet1.xml.rels
15:01:12.305 [main] DEBUG org.apache.poi.openxml4j.opc.PackageRelationshipCollection - Parsing relationship: /_rels/.rels
15:01:12.320 [main] DEBUG org.apache.poi.ooxml.POIXMLFactory - using default POIXMLDocumentPart for http://schemas.openxmlformats.org/officeDocument/2006/relationships/printerSettings
15:01:12.343 [main] DEBUG org.apache.poi.openxml4j.opc.PackageRelationshipCollection - Parsing relationship: /xl/_rels/workbook.xml.rels
15:01:12.344 [main] DEBUG org.apache.poi.openxml4j.opc.PackageRelationshipCollection - Parsing relationship: /xl/worksheets/_rels/sheet1.xml.rels
15:01:12.345 [main] DEBUG org.apache.poi.openxml4j.opc.PackageRelationshipCollection - Parsing relationship: /_rels/.rels
15:01:12.358 [main] DEBUG org.apache.poi.ooxml.POIXMLFactory - using default POIXMLDocumentPart for http://schemas.openxmlformats.org/officeDocument/2006/relationships/printerSettings
15:01:12.383 [main] DEBUG org.apache.poi.openxml4j.opc.PackageRelationshipCollection - Parsing relationship: /xl/_rels/workbook.xml.rels
15:01:12.385 [main] DEBUG org.apache.poi.openxml4j.opc.PackageRelationshipCollection - Parsing relationship: /xl/worksheets/_rels/sheet1.xml.rels
15:01:12.386 [main] DEBUG org.apache.poi.openxml4j.opc.PackageRelationshipCollection - Parsing relationship: /_rels/.rels
